<?xml version="1.0" encoding="UTF-8"?>
<testsuite name="MirrorTest" tests="1" skipped="0" failures="0" errors="0" timestamp="2023-04-10T12:29:25" hostname="LEGIONDF" time="0.139">
  <properties/>
  <testcase name="start" classname="MirrorTest" time="0.139"/>
  <system-out><![CDATA[?[1;31m
Start test 1?[0m
Input the file path:
> ./test/example1.txt
                    _______
                   < hello >
                    -------
            ^__^   /
    _______/(oo)  /
/\/(       /(__)
   | w----||
?[1;31m
Start test 2?[0m
Input the file path:
> ./test/example2.txt
   //
 _oo\
(__/ \  _  _
   \  \/ \/ \
   (         )\
    \_______/  \
     [[] [[]
?[1;31m
Start test 3?[0m
Input the file path:
> ./test/example3.txt
Lorem ipsum dolor sit amet, consectetuer adipiscing elit. Aenean commodo ligula eget dolor. Aenean massa.

Cum sociis natoque penatibus et magnis dis parturient montes, nascetur ridiculus mus.

Donec quam felis, ultricies nec, pellentesque eu, pretium quis, sem. Nulla consequat massa quis enim.

Donec pede justo, fringilla vel, aliquet nec, vulputate eget, arcu. In enim justo, rhoncus ut, imperdiet a, venenatis vitae, justo.

Nullam dictum felis eu pede mollis pretium. Integer tincidunt. Cras dapibus. Vivamus elementum semper nisi. Aenean vulputate eleifend tellus.

Aenean leo ligula, porttitor eu, consequat vitae, eleifend ac, enim. Aliquam lorem ante, dapibus in, viverra quis, feugiat a, tellus.

Phasellus viverra nulla ut metus varius laoreet. Quisque rutrum. Aenean imperdiet. Etiam ultricies nisi vel augue. Curabitur ullamcorper ultricies nisi.

Nam eget dui. Etiam rhoncus. Maecenas tempus, tellus eget condimentum rhoncus, sem quam semper libero, sit amet adipiscing sem neque sed ipsum.

Nam quam nunc, blandit vel, luctus pulvinar, hendrerit id, lorem. Maecenas nec odio et ante tincidunt tempus. Donec vitae sapien ut libero venenatis faucibus.

Nullam quis ante. Etiam sit amet orci eget eros faucibus tincidunt. Duis leo. Sed fringilla mauris sit amet nibh. Donec sodales sagittis magna. Sed consequat, leo eget bibendum sodales, augue velit cursus nunc,
?[1;31m
Start test 4?[0m
Input the file path:
> ./test/example4.txt
                              |
                              |
                              |
                              |
                              |
                              |
                              |
                              |
                              |
?[1;31m
Start test 5?[0m
Input the file path:
> ./test/example5.txt



















?[1;31m
Start test 6?[0m
Input the file path:
> ./test/example6.txt
File not found!
?[1;31m
Start test 7?[0m
Input the file path:
> ./test/example4
File not found!
?[1;31m
Start test 8?[0m
Input the file path:
> ./test/???
File not found!
?[1;31m
Start test 9?[0m
Input the file path:
> ./test
File not found!
]]></system-out>
  <system-err><![CDATA[]]></system-err>
</testsuite>
